f:\freework\visual_stdio_build\qt_c++\pdfcreator\pdfcreator\x64\debug\pythonoffice.obj
f:\freework\visual_stdio_build\qt_c++\pdfcreator\pdfcreator\x64\debug\pdfcreator.obj
f:\freework\visual_stdio_build\qt_c++\pdfcreator\pdfcreator\x64\debug\main.obj
f:\freework\visual_stdio_build\qt_c++\pdfcreator\pdfcreator\x64\debug\vc142.pdb
f:\freework\visual_stdio_build\qt_c++\pdfcreator\pdfcreator\x64\debug\qrc_pdfcreator.obj
f:\freework\visual_stdio_build\qt_c++\pdfcreator\pdfcreator\x64\debug\moc_pdfcreator.obj
f:\freework\visual_stdio_build\qt_c++\pdfcreator\x64\debug\pdfcreator.ilk
f:\freework\visual_stdio_build\qt_c++\pdfcreator\x64\debug\pdfcreator.exe
f:\freework\visual_stdio_build\qt_c++\pdfcreator\x64\debug\pdfcreator.pdb
f:\freework\visual_stdio_build\qt_c++\pdfcreator\pdfcreator\x64\debug\moc\moc_pdfcreator.cpp
f:\freework\visual_stdio_build\qt_c++\pdfcreator\pdfcreator\x64\debug\uic\ui_pdfcreator.h
f:\freework\visual_stdio_build\qt_c++\pdfcreator\pdfcreator\x64\debug\rcc\qrc_pdfcreator.cpp
f:\freework\visual_stdio_build\qt_c++\pdfcreator\pdfcreator\x64\debug\resource.res
f:\freework\visual_stdio_build\qt_c++\pdfcreator\pdfcreator\x64\debug\pdfcreator.tlog\cl.command.1.tlog
f:\freework\visual_stdio_build\qt_c++\pdfcreator\pdfcreator\x64\debug\pdfcreator.tlog\cl.read.1.tlog
f:\freework\visual_stdio_build\qt_c++\pdfcreator\pdfcreator\x64\debug\pdfcreator.tlog\cl.write.1.tlog
f:\freework\visual_stdio_build\qt_c++\pdfcreator\pdfcreator\x64\debug\pdfcreator.tlog\link.command.1.tlog
f:\freework\visual_stdio_build\qt_c++\pdfcreator\pdfcreator\x64\debug\pdfcreator.tlog\link.read.1.tlog
f:\freework\visual_stdio_build\qt_c++\pdfcreator\pdfcreator\x64\debug\pdfcreator.tlog\link.write.1.tlog
f:\freework\visual_stdio_build\qt_c++\pdfcreator\pdfcreator\x64\debug\pdfcreator.tlog\moc.read.1u.tlog
f:\freework\visual_stdio_build\qt_c++\pdfcreator\pdfcreator\x64\debug\pdfcreator.tlog\moc.write.1u.tlog
f:\freework\visual_stdio_build\qt_c++\pdfcreator\pdfcreator\x64\debug\pdfcreator.tlog\pdfcreator.write.1u.tlog
f:\freework\visual_stdio_build\qt_c++\pdfcreator\pdfcreator\x64\debug\pdfcreator.tlog\rc.command.1.tlog
f:\freework\visual_stdio_build\qt_c++\pdfcreator\pdfcreator\x64\debug\pdfcreator.tlog\rc.read.1.tlog
f:\freework\visual_stdio_build\qt_c++\pdfcreator\pdfcreator\x64\debug\pdfcreator.tlog\rc.write.1.tlog
f:\freework\visual_stdio_build\qt_c++\pdfcreator\pdfcreator\x64\debug\pdfcreator.tlog\rcc.read.1u.tlog
f:\freework\visual_stdio_build\qt_c++\pdfcreator\pdfcreator\x64\debug\pdfcreator.tlog\rcc.write.1u.tlog
f:\freework\visual_stdio_build\qt_c++\pdfcreator\pdfcreator\x64\debug\pdfcreator.tlog\uic.read.1u.tlog
f:\freework\visual_stdio_build\qt_c++\pdfcreator\pdfcreator\x64\debug\pdfcreator.tlog\uic.write.1u.tlog
