f:\freework\visual_stdio_build\qt_c++\pdfcreator\pdfcreator\x64\release\moc_pdfcreator.obj
f:\freework\visual_stdio_build\qt_c++\pdfcreator\pdfcreator\x64\release\qrc_pdfcreator.obj
f:\freework\visual_stdio_build\qt_c++\pdfcreator\pdfcreator\x64\release\pdfcreator.obj
f:\freework\visual_stdio_build\qt_c++\pdfcreator\pdfcreator\x64\release\main.obj
f:\freework\visual_stdio_build\qt_c++\pdfcreator\pdfcreator\x64\release\pythonoffice.obj
f:\freework\visual_stdio_build\qt_c++\pdfcreator\x64\release\pdfcreator.exe
f:\freework\visual_stdio_build\qt_c++\pdfcreator\pdfcreator\x64\release\moc\moc_pdfcreator.cpp
f:\freework\visual_stdio_build\qt_c++\pdfcreator\pdfcreator\x64\release\uic\ui_pdfcreator.h
f:\freework\visual_stdio_build\qt_c++\pdfcreator\pdfcreator\x64\release\rcc\qrc_pdfcreator.cpp
f:\freework\visual_stdio_build\qt_c++\pdfcreator\pdfcreator\x64\release\resource.res
f:\freework\visual_stdio_build\qt_c++\pdfcreator\pdfcreator\x64\release\pdfcreator.tlog\cl.10244.write.1.tlog
f:\freework\visual_stdio_build\qt_c++\pdfcreator\pdfcreator\x64\release\pdfcreator.tlog\cl.command.1.tlog
f:\freework\visual_stdio_build\qt_c++\pdfcreator\pdfcreator\x64\release\pdfcreator.tlog\cl.read.1.tlog
f:\freework\visual_stdio_build\qt_c++\pdfcreator\pdfcreator\x64\release\pdfcreator.tlog\link.command.1.tlog
f:\freework\visual_stdio_build\qt_c++\pdfcreator\pdfcreator\x64\release\pdfcreator.tlog\link.read.1.tlog
f:\freework\visual_stdio_build\qt_c++\pdfcreator\pdfcreator\x64\release\pdfcreator.tlog\link.write.1.tlog
f:\freework\visual_stdio_build\qt_c++\pdfcreator\pdfcreator\x64\release\pdfcreator.tlog\moc.read.1u.tlog
f:\freework\visual_stdio_build\qt_c++\pdfcreator\pdfcreator\x64\release\pdfcreator.tlog\moc.write.1u.tlog
f:\freework\visual_stdio_build\qt_c++\pdfcreator\pdfcreator\x64\release\pdfcreator.tlog\pdfcreator.write.1u.tlog
f:\freework\visual_stdio_build\qt_c++\pdfcreator\pdfcreator\x64\release\pdfcreator.tlog\rc.command.1.tlog
f:\freework\visual_stdio_build\qt_c++\pdfcreator\pdfcreator\x64\release\pdfcreator.tlog\rc.read.1.tlog
f:\freework\visual_stdio_build\qt_c++\pdfcreator\pdfcreator\x64\release\pdfcreator.tlog\rc.write.1.tlog
f:\freework\visual_stdio_build\qt_c++\pdfcreator\pdfcreator\x64\release\pdfcreator.tlog\rcc.read.1u.tlog
f:\freework\visual_stdio_build\qt_c++\pdfcreator\pdfcreator\x64\release\pdfcreator.tlog\rcc.write.1u.tlog
f:\freework\visual_stdio_build\qt_c++\pdfcreator\pdfcreator\x64\release\pdfcreator.tlog\uic.read.1u.tlog
f:\freework\visual_stdio_build\qt_c++\pdfcreator\pdfcreator\x64\release\pdfcreator.tlog\uic.write.1u.tlog
